<?xml version="1.0" encoding="UTF-8"?>
<!-- Generated by org.testng.reporters.JUnitReportReporter -->
<testsuite hostname="LAPTOP-AF9HT2PR" failures="0" tests="1" name="TestNG.OrangeHRM" time="11.331" errors="0" timestamp="18 Aug 2020 18:23:33 GMT" skipped="0">
  <testcase classname="TestNG.OrangeHRM" name="login" time="11.331"/>
</testsuite> <!-- TestNG.OrangeHRM -->
