<?xml version="1.0" encoding="UTF-8"?>
<!-- Generated by org.testng.reporters.JUnitReportReporter -->
<testsuite hostname="LAPTOP-AF9HT2PR" failures="0" tests="3" name="TestNG.parallelExecution" time="0.039" errors="0" timestamp="18 Aug 2020 17:30:42 GMT" skipped="0">
  <testcase classname="TestNG.parallelExecution" name="TestCase2" time="0.006"/>
  <testcase classname="TestNG.parallelExecution" name="TestCase3" time="0.003"/>
  <testcase classname="TestNG.parallelExecution" name="TestCase1" time="0.030"/>
</testsuite> <!-- TestNG.parallelExecution -->
