<?xml version="1.0" encoding="UTF-8"?>
<!-- Generated by org.testng.reporters.JUnitReportReporter -->
<testsuite hostname="LAPTOP-AF9HT2PR" failures="0" tests="3" name="TestNG.PriorityTestCase" time="0.032" errors="0" timestamp="18 Aug 2020 17:07:32 GMT" skipped="0">
  <testcase classname="TestNG.PriorityTestCase" name="TestCase2" time="0.022"/>
  <testcase classname="TestNG.PriorityTestCase" name="TestCase3" time="0.005"/>
  <testcase classname="TestNG.PriorityTestCase" name="TestCase1" time="0.005"/>
</testsuite> <!-- TestNG.PriorityTestCase -->
