<?xml version="1.0" encoding="UTF-8"?>
<!-- Generated by org.testng.reporters.JUnitReportReporter -->
<testsuite hostname="LAPTOP-AF9HT2PR" failures="0" tests="3" name="TestNG.ParallelExecution1" time="0.038" errors="0" timestamp="18 Aug 2020 17:30:42 GMT" skipped="0">
  <testcase classname="TestNG.ParallelExecution1" name="TestCase4" time="0.030"/>
  <testcase classname="TestNG.ParallelExecution1" name="TestCase5" time="0.005"/>
  <testcase classname="TestNG.ParallelExecution1" name="TestCase6" time="0.003"/>
</testsuite> <!-- TestNG.ParallelExecution1 -->
