<?xml version="1.0" encoding="UTF-8"?>
<!-- Generated by org.testng.reporters.JUnitReportReporter -->
<testsuite hostname="LAPTOP-AF9HT2PR" failures="0" tests="3" name="TestNG.NewTest" time="0.023" errors="0" timestamp="18 Aug 2020 16:59:54 GMT" skipped="0">
  <testcase classname="TestNG.NewTest" name="TestCase1" time="0.014"/>
  <testcase classname="TestNG.NewTest" name="TestCase2" time="0.006"/>
  <testcase classname="TestNG.NewTest" name="TestCase3" time="0.003"/>
</testsuite> <!-- TestNG.NewTest -->
